  OS09_01.cpp
C:\Program Files\Microsoft Visual Studio\2022\Community\VC\Tools\MSVC\14.38.33130\include\xstring(2749,53): warning C4244: аргумент: преобразование "wchar_t" в "const _Elem", возможна потеря данных
C:\Program Files\Microsoft Visual Studio\2022\Community\VC\Tools\MSVC\14.38.33130\include\xstring(2749,53): warning C4244:         with
C:\Program Files\Microsoft Visual Studio\2022\Community\VC\Tools\MSVC\14.38.33130\include\xstring(2749,53): warning C4244:         [
C:\Program Files\Microsoft Visual Studio\2022\Community\VC\Tools\MSVC\14.38.33130\include\xstring(2749,53): warning C4244:             _Elem=char
C:\Program Files\Microsoft Visual Studio\2022\Community\VC\Tools\MSVC\14.38.33130\include\xstring(2749,53): warning C4244:         ]
  (компиляция исходного файла "OS09_01.cpp")
  C:\Program Files\Microsoft Visual Studio\2022\Community\VC\Tools\MSVC\14.38.33130\include\xstring(2749,53):
  контекст создания экземпляра шаблона (сначала самый старый)
  	F:\.Уник\3 курс\ОС\9laba\lab09\lab09\OS09_01\OS09_01\OS09_01.cpp(110,20):
  	выполняется компиляция ссылки на экземпляр шаблон функции "std::basic_string<char,std::char_traits<char>,std::allocator<char>>::basic_string<std::_String_iterator<std::_String_val<std::_Simple_types<_Elem>>>,0>(_Iter,_Iter,const _Alloc &)"
          with
          [
              _Elem=wchar_t,
              _Iter=std::_String_iterator<std::_String_val<std::_Simple_types<wchar_t>>>,
              _Alloc=std::allocator<char>
          ]
  		F:\.Уник\3 курс\ОС\9laba\lab09\lab09\OS09_01\OS09_01\OS09_01.cpp(110,20):
  		см. первую ссылку на "std::basic_string<char,std::char_traits<char>,std::allocator<char>>::basic_string" в "getFileName"
  	C:\Program Files\Microsoft Visual Studio\2022\Community\VC\Tools\MSVC\14.38.33130\include\xstring(2590,17):
  	выполняется компиляция ссылки на экземпляр шаблон функции "void std::basic_string<char,std::char_traits<char>,std::allocator<char>>::_Construct_from_iter<wchar_t*,wchar_t*,_Size_type>(_Iter,const _Sent,_Size)"
          with
          [
              _Size_type=unsigned __int64,
              _Iter=wchar_t *,
              _Sent=wchar_t *,
              _Size=unsigned __int64
          ]
  
F:\.Уник\3 курс\ОС\9laba\lab09\lab09\OS09_01\OS09_01\OS09_01.cpp(85): warning C4715: printFileTxt: значение возвращается не при всех путях выполнения
  OS09_01.vcxproj -> F:\.Уник\3 курс\ОС\9laba\lab09\lab09\OS09_01\x64\Debug\OS09_01.exe
